<?xml version="1.0" encoding="UTF-8"?>
<testsuite xmlns:xsi="http://www.w3.org/2001/XMLSchema-instance" xsi:noNamespaceSchemaLocation="https://maven.apache.org/surefire/maven-surefire-plugin/xsd/surefire-test-report.xsd" name="application.SavingsCalculatorTest" time="19.559" tests="7" errors="0" skipped="0" failures="0">
  <properties>
    <property name="java.specification.version" value="15"/>
    <property name="sun.cpu.isalist" value="amd64"/>
    <property name="sun.jnu.encoding" value="Cp1252"/>
    <property name="java.class.path" value="C:\Users\Jesus Torres\Documents\NetBeansProjects\mooc-java-programming-ii\part14-Part14_03.SavingsCalculator\target\test-classes;C:\Users\Jesus Torres\Documents\NetBeansProjects\mooc-java-programming-ii\part14-Part14_03.SavingsCalculator\target\classes;C:\Users\Jesus Torres\.m2\repository\junit\junit\4.12\junit-4.12.jar;C:\Users\Jesus Torres\.m2\repository\org\hamcrest\hamcrest-core\1.3\hamcrest-core-1.3.jar;C:\Users\Jesus Torres\.m2\repository\fi\helsinki\cs\tmc\edu-test-utils\0.4.2\edu-test-utils-0.4.2.jar;C:\Users\Jesus Torres\.m2\repository\org\testfx\testfx-junit\4.0.15-alpha\testfx-junit-4.0.15-alpha.jar;C:\Users\Jesus Torres\.m2\repository\org\testfx\testfx-core\4.0.15-alpha\testfx-core-4.0.15-alpha.jar;C:\Users\Jesus Torres\.m2\repository\org\assertj\assertj-core\3.11.1\assertj-core-3.11.1.jar;C:\Users\Jesus Torres\.m2\repository\org\testfx\openjfx-monocle\jdk-11+26\openjfx-monocle-jdk-11+26.jar;C:\Users\Jesus Torres\.m2\repository\org\openjfx\javafx-base\11-ea+25\javafx-base-11-ea+25-win.jar;C:\Users\Jesus Torres\.m2\repository\org\openjfx\javafx-controls\11-ea+25\javafx-controls-11-ea+25-win.jar;C:\Users\Jesus Torres\.m2\repository\org\openjfx\javafx-graphics\11-ea+25\javafx-graphics-11-ea+25-win.jar;C:\Users\Jesus Torres\.m2\repository\org\openjfx\javafx-base\11.0.2\javafx-base-11.0.2.jar;C:\Users\Jesus Torres\.m2\repository\org\openjfx\javafx-controls\11.0.2\javafx-controls-11.0.2.jar;C:\Users\Jesus Torres\.m2\repository\org\openjfx\javafx-graphics\11.0.2\javafx-graphics-11.0.2.jar;"/>
    <property name="java.vm.vendor" value="Oracle Corporation"/>
    <property name="sun.arch.data.model" value="64"/>
    <property name="user.variant" value=""/>
    <property name="java.vendor.url" value="https://java.oracle.com/"/>
    <property name="user.timezone" value="America/Mexico_City"/>
    <property name="os.name" value="Windows 10"/>
    <property name="java.vm.specification.version" value="15"/>
    <property name="sun.java.launcher" value="SUN_STANDARD"/>
    <property name="user.country" value="MX"/>
    <property name="sun.boot.library.path" value="C:\Program Files\Java\jdk-15\bin"/>
    <property name="sun.java.command" value="C:\Users\JESUST~1\AppData\Local\Temp\surefire4908645281424078101\surefirebooter15860041179363023996.jar C:\Users\Jesus Torres\AppData\Local\Temp\surefire4908645281424078101 2021-01-28T15-35-37_818-jvmRun1 surefire10556748102721567185tmp surefire_014934206367163599413tmp"/>
    <property name="jdk.debug" value="release"/>
    <property name="surefire.test.class.path" value="C:\Users\Jesus Torres\Documents\NetBeansProjects\mooc-java-programming-ii\part14-Part14_03.SavingsCalculator\target\test-classes;C:\Users\Jesus Torres\Documents\NetBeansProjects\mooc-java-programming-ii\part14-Part14_03.SavingsCalculator\target\classes;C:\Users\Jesus Torres\.m2\repository\junit\junit\4.12\junit-4.12.jar;C:\Users\Jesus Torres\.m2\repository\org\hamcrest\hamcrest-core\1.3\hamcrest-core-1.3.jar;C:\Users\Jesus Torres\.m2\repository\fi\helsinki\cs\tmc\edu-test-utils\0.4.2\edu-test-utils-0.4.2.jar;C:\Users\Jesus Torres\.m2\repository\org\testfx\testfx-junit\4.0.15-alpha\testfx-junit-4.0.15-alpha.jar;C:\Users\Jesus Torres\.m2\repository\org\testfx\testfx-core\4.0.15-alpha\testfx-core-4.0.15-alpha.jar;C:\Users\Jesus Torres\.m2\repository\org\assertj\assertj-core\3.11.1\assertj-core-3.11.1.jar;C:\Users\Jesus Torres\.m2\repository\org\testfx\openjfx-monocle\jdk-11+26\openjfx-monocle-jdk-11+26.jar;C:\Users\Jesus Torres\.m2\repository\org\openjfx\javafx-base\11-ea+25\javafx-base-11-ea+25-win.jar;C:\Users\Jesus Torres\.m2\repository\org\openjfx\javafx-controls\11-ea+25\javafx-controls-11-ea+25-win.jar;C:\Users\Jesus Torres\.m2\repository\org\openjfx\javafx-graphics\11-ea+25\javafx-graphics-11-ea+25-win.jar;C:\Users\Jesus Torres\.m2\repository\org\openjfx\javafx-base\11.0.2\javafx-base-11.0.2.jar;C:\Users\Jesus Torres\.m2\repository\org\openjfx\javafx-controls\11.0.2\javafx-controls-11.0.2.jar;C:\Users\Jesus Torres\.m2\repository\org\openjfx\javafx-graphics\11.0.2\javafx-graphics-11.0.2.jar;"/>
    <property name="sun.cpu.endian" value="little"/>
    <property name="user.home" value="C:\Users\Jesus Torres"/>
    <property name="user.language" value="es"/>
    <property name="java.specification.vendor" value="Oracle Corporation"/>
    <property name="java.version.date" value="2020-09-15"/>
    <property name="java.home" value="C:\Program Files\Java\jdk-15"/>
    <property name="file.separator" value="\"/>
    <property name="basedir" value="C:\Users\Jesus Torres\Documents\NetBeansProjects\mooc-java-programming-ii\part14-Part14_03.SavingsCalculator"/>
    <property name="java.vm.compressedOopsMode" value="Zero based"/>
    <property name="line.separator" value="&#10;"/>
    <property name="java.vm.specification.vendor" value="Oracle Corporation"/>
    <property name="java.specification.name" value="Java Platform API Specification"/>
    <property name="surefire.real.class.path" value="C:\Users\JESUST~1\AppData\Local\Temp\surefire4908645281424078101\surefirebooter15860041179363023996.jar"/>
    <property name="jdk.net.URLClassPath.disableClassPathURLCheck" value="true"/>
    <property name="user.script" value=""/>
    <property name="sun.management.compiler" value="HotSpot 64-Bit Tiered Compilers"/>
    <property name="java.runtime.version" value="15+36-1562"/>
    <property name="user.name" value="Jesus Torres"/>
    <property name="path.separator" value=";"/>
    <property name="os.version" value="10.0"/>
    <property name="java.runtime.name" value="Java(TM) SE Runtime Environment"/>
    <property name="file.encoding" value="UTF-8"/>
    <property name="java.vm.name" value="Java HotSpot(TM) 64-Bit Server VM"/>
    <property name="localRepository" value="C:\Users\Jesus Torres\.m2\repository"/>
    <property name="java.vendor.url.bug" value="https://bugreport.java.com/bugreport/"/>
    <property name="java.io.tmpdir" value="C:\Users\JESUST~1\AppData\Local\Temp\"/>
    <property name="java.version" value="15"/>
    <property name="user.dir" value="C:\Users\Jesus Torres\Documents\NetBeansProjects\mooc-java-programming-ii\part14-Part14_03.SavingsCalculator"/>
    <property name="os.arch" value="amd64"/>
    <property name="java.vm.specification.name" value="Java Virtual Machine Specification"/>
    <property name="sun.os.patch.level" value=""/>
    <property name="java.library.path" value="C:\Program Files\Java\jdk-15\bin;C:\WINDOWS\Sun\Java\bin;C:\WINDOWS\system32;C:\WINDOWS;C:\Program Files\AdoptOpenJDK\jdk-11.0.9.101-hotspot\bin;C:\Program Files\Common Files\Oracle\Java\javapath;C:\Program Files (x86)\Common Files\Oracle\Java\javapath;C:\WINDOWS\system32;C:\WINDOWS;C:\WINDOWS\System32\Wbem;C:\WINDOWS\System32\WindowsPowerShell\v1.0\;C:\WINDOWS\System32\OpenSSH\;C:\MinGW\bin;C:\Program Files\Git\cmd;C:\Program Files\Git\mingw64\bin;C:\Program Files\Git\usr\bin;C:\Program Files\nodejs\;C:\Program Files\Microchip\xc8\v2.31\bin;C:\Users\Jesus Torres\Documents\apache-maven-3.6.3\bin;C:\Program Files\MongoDB\Server\4.4\bin;C:\Users\Jesus Torres\AppData\Local\Programs\Python\Python39;C:\Users\Jesus Torres\AppData\Local\Programs\Python\Python38-32\Scripts\;C:\Users\Jesus Torres\AppData\Local\Programs\Python\Python38-32\;C:\Users\Jesus Torres\AppData\Local\Microsoft\WindowsApps;C:\Users\Jesus Torres\AppData\Local\Programs\Microsoft VS Code\bin;C:\MinGW\bin;C:\Users\Jesus Torres\AppData\Roaming\npm;C:\Program Files\JetBrains\IntelliJ IDEA Community Edition 2020.2.3\bin;;C:\Users\Jesus Torres\AppData\Local\GitHubDesktop\bin;C:\Program Files\heroku\bin;C:\Program Files\MongoDB\Server\4.4\bin;;C:\Program Files\JetBrains\IntelliJ IDEA 2020.3.1\bin;;."/>
    <property name="java.vm.info" value="mixed mode, sharing"/>
    <property name="java.vendor" value="Oracle Corporation"/>
    <property name="java.vm.version" value="15+36-1562"/>
    <property name="sun.io.unicode.encoding" value="UnicodeLittle"/>
    <property name="java.class.version" value="59.0"/>
  </properties>
  <testcase name="uiSlidersTest" classname="application.SavingsCalculatorTest" time="2.07"/>
  <testcase name="calculatingSavingsWithMinimumValues" classname="application.SavingsCalculatorTest" time="3.317"/>
  <testcase name="uiLineChartTest" classname="application.SavingsCalculatorTest" time="0.384"/>
  <testcase name="interestrateWithMinSavingsAndMaxInterestRate" classname="application.SavingsCalculatorTest" time="5.081"/>
  <testcase name="uiUsesBorderPane" classname="application.SavingsCalculatorTest" time="0.389"/>
  <testcase name="calculatingSavingsWithMaximumValues" classname="application.SavingsCalculatorTest" time="2.971"/>
  <testcase name="interestrateWithMaxSavingsAndMaxInterestRate" classname="application.SavingsCalculatorTest" time="5.242"/>
</testsuite>